The mongodb database about love memory connected.
connect success.
0878
{ Message: 'OK',
  RequestId: 'A0AB8399-2CCC-443C-B46F-9C0C8FC3F201',
  BizId: '662508129938647716^0',
  Code: 'OK' }
verifySucceed
connect success.
[ { plateform: null,
    orderId: null,
    head: '慧欣',
    content: '无论做什么事情都要认真，人生很短，每一天都要过得精彩。',
    name: '大哥',
    getPhone: '13895840172',
    order: '0',
    _id: 5b2e29cc5c6caf4f6f14dfed,
    date: 2018-06-23T11:06:52.310Z },
  { plateform: null,
    orderId: null,
    head: '武进',
    content: '早晚会上市的',
    name: '心牧',
    getPhone: '13120332329',
    order: '0',
    _id: 5b2e1dc55c6caf4f6f14dfe3,
    date: 2018-06-23T10:15:33.520Z },
  { plateform: null,
    orderId: null,
    head: '志国',
    content: '你好，加油！',
    name: '心牧',
    getPhone: '18810802046',
    order: '0',
    _id: 5b2e1f855c6caf4f6f14dfe5,
    date: 2018-06-23T10:23:01.539Z },
  { plateform: null,
    orderId: null,
    head: '心牧',
    content: '小熊 火锅',
    name: 'Sam',
    getPhone: '18810802046',
    order: '0',
    _id: 5b2e14c75c6caf4f6f14dfde,
    date: 2018-06-23T09:37:11.127Z },
  { plateform: null,
    orderId: null,
    head: '心牧',
    content: '小熊 火锅',
    name: 'Sam',
    getPhone: '',
    order: '0',
    _id: 5b2e14ae5c6caf4f6f14dfdc,
    date: 2018-06-23T09:36:46.340Z },
  { plateform: null,
    orderId: null,
    head: 'Kinmory',
    content: 'You are my apple forever.',
    name: 'Sam',
    getPhone: '15192594948',
    order: '0',
    _id: 5b30f9cac4f71c5b41ef5b71,
    date: 2018-06-25T14:18:50.807Z },
  { plateform: null,
    orderId: null,
    head: '潇潇',
    content:
     '潇，我刚看了《后来的我们》，这电影刚上映的时候，我就跟我朋友说我希望能跟你一起看，现在我们都各自看了。我想跟你说，因为当着你的面我说不出口，我们永远都是我们，没有从前和后来，你在我心里永远都是我第一次见到你的感觉。',
    name: '心牧',
    getPhone: '15192594948',
    order: '0',
    _id: 5b2e13db5c6caf4f6f14dfda,
    date: 2018-06-23T09:33:15.906Z } ]
(node:23644) [DEP0079] DeprecationWarning: Custom inspection function on Objects via .inspect() is deprecated
Need update a record.
(node:23644) DeprecationWarning: Mongoose: mpromise (mongoose's default promise library) is deprecated, plug in your own promise library instead: http://mongoosejs.com/docs/promises.html
{ _id: 5b2e13db5c6caf4f6f14dfd9,
  phone: '15192594948',
  setPhone: '18810802046',
  flowerShop: 'RoseToMe',
  __v: 2,
  wishes:
   [ { plateform: null,
       orderId: null,
       head: '潇潇',
       content:
        '潇，我刚看了《后来的我们》，这电影刚上映的时候，我就跟我朋友说我希望能跟你一起看，现在我们都各自看了。我想跟你说，因为当着你的面我说不出口，我们永远都是我们，没有从前和后来，你在我心里永远都是我第一次见到你的感觉。',
       name: '心牧',
       getPhone: '15192594948',
       order: '0',
       _id: 5b2e13db5c6caf4f6f14dfda,
       date: 2018-06-23T09:33:15.906Z },
     { plateform: null,
       orderId: null,
       head: 'Kinmory',
       content: 'You are my apple forever.',
       name: 'Sam',
       getPhone: '15192594948',
       order: '0',
       _id: 5b30f9cac4f71c5b41ef5b71,
       date: 2018-06-25T14:18:50.807Z },
     { plateform: null,
       orderId: null,
       head: 'Kinmory',
       content: 'You are my apple.',
       name: 'Sam',
       getPhone: '15192594948',
       order: '0',
       _id: 5b3103193a7b565c5ccbf7dd,
       date: 2018-06-25T14:58:33.182Z } ] }
connect success.
6976
{ Message: 'OK',
  RequestId: '4FDA15DB-657A-4A74-A803-2F07DF28AD37',
  BizId: '825519729938724754^0',
  Code: 'OK' }
[ { plateform: null,
    orderId: null,
    head: '志国',
    content: '你好，加油！',
    name: '心牧',
    getPhone: '18810802046',
    order: '0',
    _id: 5b2e1f855c6caf4f6f14dfe5,
    date: 2018-06-23T10:23:01.539Z },
  { plateform: null,
    orderId: null,
    head: '心牧',
    content: '小熊 火锅',
    name: 'Sam',
    getPhone: '18810802046',
    order: '0',
    _id: 5b2e14c75c6caf4f6f14dfde,
    date: 2018-06-23T09:37:11.127Z } ]
connect success.
[ { plateform: null,
    orderId: null,
    head: '慧欣',
    content: '无论做什么事情都要认真，人生很短，每一天都要过得精彩。',
    name: '大哥',
    getPhone: '13895840172',
    order: '0',
    _id: 5b2e29cc5c6caf4f6f14dfed,
    date: 2018-06-23T11:06:52.310Z },
  { plateform: null,
    orderId: null,
    head: '武进',
    content: '早晚会上市的',
    name: '心牧',
    getPhone: '13120332329',
    order: '0',
    _id: 5b2e1dc55c6caf4f6f14dfe3,
    date: 2018-06-23T10:15:33.520Z },
  { plateform: null,
    orderId: null,
    head: '志国',
    content: '你好，加油！',
    name: '心牧',
    getPhone: '18810802046',
    order: '0',
    _id: 5b2e1f855c6caf4f6f14dfe5,
    date: 2018-06-23T10:23:01.539Z },
  { plateform: null,
    orderId: null,
    head: '心牧',
    content: '小熊 火锅',
    name: 'Sam',
    getPhone: '18810802046',
    order: '0',
    _id: 5b2e14c75c6caf4f6f14dfde,
    date: 2018-06-23T09:37:11.127Z },
  { plateform: null,
    orderId: null,
    head: '心牧',
    content: '小熊 火锅',
    name: 'Sam',
    getPhone: '',
    order: '0',
    _id: 5b2e14ae5c6caf4f6f14dfdc,
    date: 2018-06-23T09:36:46.340Z },
  { plateform: null,
    orderId: null,
    head: 'Kinmory',
    content: 'You are my apple.',
    name: 'Sam',
    getPhone: '15192594948',
    order: '0',
    _id: 5b3103193a7b565c5ccbf7dd,
    date: 2018-06-25T14:58:33.182Z },
  { plateform: null,
    orderId: null,
    head: 'Kinmory',
    content: 'You are my apple forever.',
    name: 'Sam',
    getPhone: '15192594948',
    order: '0',
    _id: 5b30f9cac4f71c5b41ef5b71,
    date: 2018-06-25T14:18:50.807Z },
  { plateform: null,
    orderId: null,
    head: '潇潇',
    content:
     '潇，我刚看了《后来的我们》，这电影刚上映的时候，我就跟我朋友说我希望能跟你一起看，现在我们都各自看了。我想跟你说，因为当着你的面我说不出口，我们永远都是我们，没有从前和后来，你在我心里永远都是我第一次见到你的感觉。',
    name: '心牧',
    getPhone: '15192594948',
    order: '0',
    _id: 5b2e13db5c6caf4f6f14dfda,
    date: 2018-06-23T09:33:15.906Z } ]
connect success.
/flower#BaRVXv5KMyng4YWRAAAEdisconnect
The mongodb database about love memory connected.
connect success.
9400
{ Message: 'OK',
  RequestId: 'B4AA1A9B-A0D4-4D96-AA14-CA6A22879D3D',
  BizId: '505909430373742686^0',
  Code: 'OK' }
verifySucceed
connect success.
[ { plateform: null,
    orderId: null,
    head: '慧欣',
    content: '无论做什么事情都要认真，人生很短，每一天都要过得精彩。',
    name: '大哥',
    getPhone: '13895840172',
    order: '0',
    _id: 5b2e29cc5c6caf4f6f14dfed,
    date: 2018-06-23T11:06:52.310Z },
  { plateform: null,
    orderId: null,
    head: '武进',
    content: '早晚会上市的',
    name: '心牧',
    getPhone: '13120332329',
    order: '0',
    _id: 5b2e1dc55c6caf4f6f14dfe3,
    date: 2018-06-23T10:15:33.520Z },
  { plateform: null,
    orderId: null,
    head: '志国',
    content: '你好，加油！',
    name: '心牧',
    getPhone: '18810802046',
    order: '0',
    _id: 5b2e1f855c6caf4f6f14dfe5,
    date: 2018-06-23T10:23:01.539Z },
  { plateform: null,
    orderId: null,
    head: '心牧',
    content: '小熊 火锅',
    name: 'Sam',
    getPhone: '18810802046',
    order: '0',
    _id: 5b2e14c75c6caf4f6f14dfde,
    date: 2018-06-23T09:37:11.127Z },
  { plateform: null,
    orderId: null,
    head: '心牧',
    content: '小熊 火锅',
    name: 'Sam',
    getPhone: '',
    order: '0',
    _id: 5b2e14ae5c6caf4f6f14dfdc,
    date: 2018-06-23T09:36:46.340Z },
  { plateform: null,
    orderId: null,
    head: 'Kinmory',
    content: 'You are my apple.',
    name: 'Sam',
    getPhone: '15192594948',
    order: '0',
    _id: 5b3103193a7b565c5ccbf7dd,
    date: 2018-06-25T14:58:33.182Z },
  { plateform: null,
    orderId: null,
    head: 'Kinmory',
    content: 'You are my apple forever.',
    name: 'Sam',
    getPhone: '15192594948',
    order: '0',
    _id: 5b30f9cac4f71c5b41ef5b71,
    date: 2018-06-25T14:18:50.807Z },
  { plateform: null,
    orderId: null,
    head: '潇潇',
    content:
     '潇，我刚看了《后来的我们》，这电影刚上映的时候，我就跟我朋友说我希望能跟你一起看，现在我们都各自看了。我想跟你说，因为当着你的面我说不出口，我们永远都是我们，没有从前和后来，你在我心里永远都是我第一次见到你的感觉。',
    name: '心牧',
    getPhone: '15192594948',
    order: '0',
    _id: 5b2e13db5c6caf4f6f14dfda,
    date: 2018-06-23T09:33:15.906Z } ]
(node:24145) [DEP0079] DeprecationWarning: Custom inspection function on Objects via .inspect() is deprecated
connect success.
/flower#VrCdd-kerKUWK444AAACdisconnect
connect success.
Need update a record.
(node:24145) DeprecationWarning: Mongoose: mpromise (mongoose's default promise library) is deprecated, plug in your own promise library instead: http://mongoosejs.com/docs/promises.html
{ _id: 5b2e13db5c6caf4f6f14dfd9,
  phone: '15192594948',
  setPhone: '18810802046',
  flowerShop: 'RoseToMe',
  __v: 3,
  wishes:
   [ { plateform: null,
       orderId: null,
       head: '潇潇',
       content:
        '潇，我刚看了《后来的我们》，这电影刚上映的时候，我就跟我朋友说我希望能跟你一起看，现在我们都各自看了。我想跟你说，因为当着你的面我说不出口，我们永远都是我们，没有从前和后来，你在我心里永远都是我第一次见到你的感觉。',
       name: '心牧',
       getPhone: '15192594948',
       order: '0',
       _id: 5b2e13db5c6caf4f6f14dfda,
       date: 2018-06-23T09:33:15.906Z },
     { plateform: null,
       orderId: null,
       head: 'Kinmory',
       content: 'You are my apple forever.',
       name: 'Sam',
       getPhone: '15192594948',
       order: '0',
       _id: 5b30f9cac4f71c5b41ef5b71,
       date: 2018-06-25T14:18:50.807Z },
     { plateform: null,
       orderId: null,
       head: 'Kinmory',
       content: 'You are my apple.',
       name: 'Sam',
       getPhone: '15192594948',
       order: '0',
       _id: 5b3103193a7b565c5ccbf7dd,
       date: 2018-06-25T14:58:33.182Z },
     { plateform: null,
       orderId: null,
       head: '潇潇',
       content: '我爱你，我希望我的每一个明天都能给你最灿烂笑容！',
       name: '心牧',
       getPhone: '15192594948',
       order: '0',
       _id: 5b37a715c8ca845e51426cec,
       date: 2018-06-30T15:51:49.964Z } ] }
connect success.
4754
{ Message: 'OK',
  RequestId: 'D95FA559-E6D2-4C19-A1E2-3C899F27BE91',
  BizId: '642303534343129237^0',
  Code: 'OK' }
verifySucceed
{ __v: 0,
  phone: '13845197551',
  type: 'Sender',
  _id: 5b7437e5c8ca845e51426ced }
connect success.
[]
connect success.
7980
{ Message: 'OK',
  RequestId: '6F9D0BE3-C2BC-45A1-846D-82F25F5E2BC2',
  BizId: '960806334343669901^0',
  Code: 'OK' }
connect success.
3096
{ Message: 'OK',
  RequestId: '9AFC81C3-2C72-49CC-8715-ADBD1F2E8F4A',
  BizId: '156507534343944321^0',
  Code: 'OK' }
verifySucceed
{ __v: 0,
  phone: '15536992442',
  type: 'Sender',
  _id: 5b743b13c8ca845e51426cee }
connect success.
[]
connect success.
0730
{ Message: 'OK',
  RequestId: 'B62A8705-EF69-4F21-AAB2-7EB4255EE4F7',
  BizId: '218100634345467649^0',
  Code: 'OK' }
[ { plateform: null,
    orderId: null,
    head: '志国',
    content: '你好，加油！',
    name: '心牧',
    getPhone: '18810802046',
    order: '0',
    _id: 5b2e1f855c6caf4f6f14dfe5,
    date: 2018-06-23T10:23:01.539Z },
  { plateform: null,
    orderId: null,
    head: '心牧',
    content: '小熊 火锅',
    name: 'Sam',
    getPhone: '18810802046',
    order: '0',
    _id: 5b2e14c75c6caf4f6f14dfde,
    date: 2018-06-23T09:37:11.127Z } ]
connect success.
[ { plateform: null,
    orderId: null,
    head: '潇潇',
    content: '我爱你，我希望我的每一个明天都能给你最灿烂笑容！',
    name: '心牧',
    getPhone: '15192594948',
    order: '0',
    _id: 5b37a715c8ca845e51426cec,
    date: 2018-06-30T15:51:49.964Z },
  { plateform: null,
    orderId: null,
    head: 'Kinmory',
    content: 'You are my apple.',
    name: 'Sam',
    getPhone: '15192594948',
    order: '0',
    _id: 5b3103193a7b565c5ccbf7dd,
    date: 2018-06-25T14:58:33.182Z },
  { plateform: null,
    orderId: null,
    head: 'Kinmory',
    content: 'You are my apple forever.',
    name: 'Sam',
    getPhone: '15192594948',
    order: '0',
    _id: 5b30f9cac4f71c5b41ef5b71,
    date: 2018-06-25T14:18:50.807Z },
  { plateform: null,
    orderId: null,
    head: '潇潇',
    content:
     '潇，我刚看了《后来的我们》，这电影刚上映的时候，我就跟我朋友说我希望能跟你一起看，现在我们都各自看了。我想跟你说，因为当着你的面我说不出口，我们永远都是我们，没有从前和后来，你在我心里永远都是我第一次见到你的感觉。',
    name: '心牧',
    getPhone: '15192594948',
    order: '0',
    _id: 5b2e13db5c6caf4f6f14dfda,
    date: 2018-06-23T09:33:15.906Z },
  { plateform: null,
    orderId: null,
    head: '慧欣',
    content: '无论做什么事情都要认真，人生很短，每一天都要过得精彩。',
    name: '大哥',
    getPhone: '13895840172',
    order: '0',
    _id: 5b2e29cc5c6caf4f6f14dfed,
    date: 2018-06-23T11:06:52.310Z },
  { plateform: null,
    orderId: null,
    head: '武进',
    content: '早晚会上市的',
    name: '心牧',
    getPhone: '13120332329',
    order: '0',
    _id: 5b2e1dc55c6caf4f6f14dfe3,
    date: 2018-06-23T10:15:33.520Z },
  { plateform: null,
    orderId: null,
    head: '志国',
    content: '你好，加油！',
    name: '心牧',
    getPhone: '18810802046',
    order: '0',
    _id: 5b2e1f855c6caf4f6f14dfe5,
    date: 2018-06-23T10:23:01.539Z },
  { plateform: null,
    orderId: null,
    head: '心牧',
    content: '小熊 火锅',
    name: 'Sam',
    getPhone: '18810802046',
    order: '0',
    _id: 5b2e14c75c6caf4f6f14dfde,
    date: 2018-06-23T09:37:11.127Z },
  { plateform: null,
    orderId: null,
    head: '心牧',
    content: '小熊 火锅',
    name: 'Sam',
    getPhone: '',
    order: '0',
    _id: 5b2e14ae5c6caf4f6f14dfdc,
    date: 2018-06-23T09:36:46.340Z } ]
connect success.
/flower#XJe9pe7zP29uefuzAAALdisconnect
connect success.
5295
{ Message: 'OK',
  RequestId: 'F46F998D-10CE-4859-9FCE-24512D3CC74E',
  BizId: '258809134378463134^0',
  Code: 'OK' }
verifySucceed
connect success.
[ { plateform: null,
    orderId: null,
    head: '刘浩然',
    content: '啊啊啊',
    name: '啊啊啊',
    getPhone: '13120332329',
    order: '0',
    _id: 5b2f0e3e6358ab55a11906d0,
    date: 2018-06-24T03:21:34.035Z },
  { plateform: null,
    orderId: null,
    head: '孔晓悦',
    content: '爱你*＾3＾）/～☆',
    name: '刘浩然',
    getPhone: '18813161892',
    order: '0',
    _id: 5b2e28575c6caf4f6f14dfe8,
    date: 2018-06-23T11:00:39.929Z },
  { plateform: null,
    orderId: null,
    head: '孔晓悦',
    content: '嫁给我吧',
    name: '刘浩然',
    getPhone: '',
    order: '0',
    _id: 5b2e1f6f5c6caf4f6f14dfe4,
    date: 2018-06-23T10:22:39.377Z },
  { plateform: null,
    orderId: null,
    head: '刘浩然',
    content: '哈哈哈',
    name: '刘浩然1',
    getPhone: '',
    order: '0',
    _id: 5b2e1c695c6caf4f6f14dfe1,
    date: 2018-06-23T10:09:45.330Z } ]
Need update a record.
{ _id: 5b2e28575c6caf4f6f14dfe7,
  phone: '18813161892',
  setPhone: '13120332329',
  flowerShop: 'RoseToMe',
  __v: 1,
  wishes:
   [ { plateform: null,
       orderId: null,
       head: '孔晓悦',
       content: '爱你*＾3＾）/～☆',
       name: '刘浩然',
       getPhone: '18813161892',
       order: '0',
       _id: 5b2e28575c6caf4f6f14dfe8,
       date: 2018-06-23T11:00:39.929Z },
     { plateform: null,
       orderId: null,
       head: '小悦悦',
       content: 'love you',
       name: '高富帅',
       getPhone: '18813161892',
       order: '0',
       _id: 5b74c214c8ca845e51426cef,
       date: 2018-08-16T00:15:16.590Z } ] }
connect success.
0437
{ Message: 'OK',
  RequestId: 'D8E4CBCC-75AA-4108-A2ED-867162F94CCF',
  BizId: '419608434378673310^0',
  Code: 'OK' }
[ { plateform: null,
    orderId: null,
    head: '小悦悦',
    content: 'love you',
    name: '高富帅',
    getPhone: '18813161892',
    order: '0',
    _id: 5b74c214c8ca845e51426cef,
    date: 2018-08-16T00:15:16.590Z },
  { plateform: null,
    orderId: null,
    head: '孔晓悦',
    content: '爱你*＾3＾）/～☆',
    name: '刘浩然',
    getPhone: '18813161892',
    order: '0',
    _id: 5b2e28575c6caf4f6f14dfe8,
    date: 2018-06-23T11:00:39.929Z } ]
connect success.
[ { plateform: null,
    orderId: null,
    head: '孔燕',
    content: '亲爱的妹妹，好好考试，好好生活，幸幸福福哒！',
    name: '孔晓悦',
    getPhone: '13626372077',
    order: '0',
    _id: 5b2f2e328d948b562ff94fc9,
    date: 2018-06-24T05:37:54.063Z } ]
connect success.
2036
{ Message: 'OK',
  RequestId: '34A1B54C-5B2E-48E2-A0DE-586F63518A58',
  BizId: '385303534378955662^0',
  Code: 'OK' }
verifySucceed
connect success.
[ { plateform: null,
    orderId: null,
    head: '啦啦啦',
    content: '啦啦啦啦啦',
    name: '啦啦啦啦',
    getPhone: '18082390600',
    order: '0',
    _id: 5b2ef772c5bf82545bfd9fdf,
    date: 2018-06-24T01:44:18.077Z } ]
No record, you need create a record.
{ __v: 0,
  phone: '18082390680',
  setPhone: '18082390680',
  flowerShop: 'RoseToMe',
  _id: 5b74c401c8ca845e51426cf0,
  wishes:
   [ { plateform: null,
       orderId: null,
       head: '啦啦',
       content: '哈哈\n',
       name: '呵呵',
       getPhone: '18082390680',
       order: '0',
       _id: 5b74c401c8ca845e51426cf1,
       date: 2018-08-16T00:23:29.368Z } ] }
connect success.
7281
{ Message: 'OK',
  RequestId: 'CDB571B7-D4BC-4F4A-9A10-3ECAECC85315',
  BizId: '289711534379053057^0',
  Code: 'OK' }
[ { plateform: null,
    orderId: null,
    head: '啦啦',
    content: '哈哈\n',
    name: '呵呵',
    getPhone: '18082390680',
    order: '0',
    _id: 5b74c401c8ca845e51426cf1,
    date: 2018-08-16T00:23:29.368Z } ]
connect success.
[ { plateform: null,
    orderId: null,
    head: '啦啦',
    content: '哈哈\n',
    name: '呵呵',
    getPhone: '18082390680',
    order: '0',
    _id: 5b74c401c8ca845e51426cf1,
    date: 2018-08-16T00:23:29.368Z },
  { plateform: null,
    orderId: null,
    head: '啦啦啦',
    content: '啦啦啦啦啦',
    name: '啦啦啦啦',
    getPhone: '18082390600',
    order: '0',
    _id: 5b2ef772c5bf82545bfd9fdf,
    date: 2018-06-24T01:44:18.077Z } ]
connect success.
5010
{ Message: 'OK',
  RequestId: 'AD2DB892-E24D-464C-9AF3-46A020E96373',
  BizId: '710524434379336886^0',
  Code: 'OK' }
connect success.
0644
{ Message: 'OK',
  RequestId: 'D4CAE17B-BAA5-4D9B-904F-138117FAEB54',
  BizId: '712724434379338887^0',
  Code: 'OK' }
verifySucceed
connect success.
[ { plateform: null,
    orderId: null,
    head: '刘浩然',
    content: '啊啊啊',
    name: '啊啊啊',
    getPhone: '13120332329',
    order: '0',
    _id: 5b2f0e3e6358ab55a11906d0,
    date: 2018-06-24T03:21:34.035Z },
  { plateform: null,
    orderId: null,
    head: '小悦悦',
    content: 'love you',
    name: '高富帅',
    getPhone: '18813161892',
    order: '0',
    _id: 5b74c214c8ca845e51426cef,
    date: 2018-08-16T00:15:16.590Z },
  { plateform: null,
    orderId: null,
    head: '孔晓悦',
    content: '爱你*＾3＾）/～☆',
    name: '刘浩然',
    getPhone: '18813161892',
    order: '0',
    _id: 5b2e28575c6caf4f6f14dfe8,
    date: 2018-06-23T11:00:39.929Z },
  { plateform: null,
    orderId: null,
    head: '孔晓悦',
    content: '嫁给我吧',
    name: '刘浩然',
    getPhone: '',
    order: '0',
    _id: 5b2e1f6f5c6caf4f6f14dfe4,
    date: 2018-06-23T10:22:39.377Z },
  { plateform: null,
    orderId: null,
    head: '刘浩然',
    content: '哈哈哈',
    name: '刘浩然1',
    getPhone: '',
    order: '0',
    _id: 5b2e1c695c6caf4f6f14dfe1,
    date: 2018-06-23T10:09:45.330Z } ]
verifySucceed
connect success.
[ { plateform: null,
    orderId: null,
    head: '啦啦',
    content: '哈哈\n',
    name: '呵呵',
    getPhone: '18082390680',
    order: '0',
    _id: 5b74c401c8ca845e51426cf1,
    date: 2018-08-16T00:23:29.368Z },
  { plateform: null,
    orderId: null,
    head: '啦啦啦',
    content: '啦啦啦啦啦',
    name: '啦啦啦啦',
    getPhone: '18082390600',
    order: '0',
    _id: 5b2ef772c5bf82545bfd9fdf,
    date: 2018-06-24T01:44:18.077Z } ]
connect success.
7051
{ Message: 'OK',
  RequestId: '7C9A22D0-4B98-43B0-8F67-4C97C39941CA',
  BizId: '764015734383447023^0',
  Code: 'OK' }
connect success.
1698
{ Message: 'OK',
  RequestId: '9D0DD0FB-F03A-48A9-80FB-B827A33F54BC',
  BizId: '135124834383452491^0',
  Code: 'OK' }
verifySucceed
connect success.
[ { plateform: null,
    orderId: null,
    head: '啦啦',
    content: '哈哈\n',
    name: '呵呵',
    getPhone: '18082390680',
    order: '0',
    _id: 5b74c401c8ca845e51426cf1,
    date: 2018-08-16T00:23:29.368Z },
  { plateform: null,
    orderId: null,
    head: '啦啦啦',
    content: '啦啦啦啦啦',
    name: '啦啦啦啦',
    getPhone: '18082390600',
    order: '0',
    _id: 5b2ef772c5bf82545bfd9fdf,
    date: 2018-06-24T01:44:18.077Z } ]
verifySucceed
{ __v: 0,
  phone: '13815688717',
  type: 'Sender',
  _id: 5b74d564c8ca845e51426cf2 }
connect success.
[]
No record, you need create a record.
{ __v: 0,
  phone: '13236309991',
  setPhone: '18082390680',
  flowerShop: 'RoseToMe',
  _id: 5b74d596c8ca845e51426cf3,
  wishes:
   [ { plateform: null,
       orderId: null,
       head: '小果',
       content: '哈哈',
       name: '小相',
       getPhone: '13236309991',
       order: '0',
       _id: 5b74d596c8ca845e51426cf4,
       date: 2018-08-16T01:38:30.860Z } ] }
connect success.
5448
{ Message: 'OK',
  RequestId: '7C0A7724-8F90-4D31-8D53-55ADB56AD942',
  BizId: '161624034383569592^0',
  Code: 'OK' }
[ { plateform: null,
    orderId: null,
    head: '小果',
    content: '哈哈',
    name: '小相',
    getPhone: '13236309991',
    order: '0',
    _id: 5b74d596c8ca845e51426cf4,
    date: 2018-08-16T01:38:30.860Z } ]
connect success.
[]
{ MongoError: failed to connect to server [127.0.0.1:27017] on first connect
    at Pool.<anonymous> (/root/code/love-memory/love-memory-server-0623/node_modules/mongodb-core/lib/topologies/server.js:313:35)
    at Pool.emit (events.js:182:13)
    at Connection.<anonymous> (/root/code/love-memory/love-memory-server-0623/node_modules/mongodb-core/lib/connection/pool.js:260:12)
    at Object.onceWrapper (events.js:273:13)
    at Connection.emit (events.js:182:13)
    at Socket.<anonymous> (/root/code/love-memory/love-memory-server-0623/node_modules/mongodb-core/lib/connection/connection.js:162:49)
    at Object.onceWrapper (events.js:273:13)
    at Socket.emit (events.js:182:13)
    at emitErrorNT (internal/streams/destroy.js:82:8)
    at emitErrorAndCloseNT (internal/streams/destroy.js:50:3)
    at process._tickCallback (internal/process/next_tick.js:63:19)
  name: 'MongoError',
  message:
   'failed to connect to server [127.0.0.1:27017] on first connect' }
{ MongoError: failed to connect to server [127.0.0.1:27017] on first connect
    at Pool.<anonymous> (/root/code/love-memory/love-memory-server-0623/node_modules/mongodb-core/lib/topologies/server.js:313:35)
    at Pool.emit (events.js:182:13)
    at Connection.<anonymous> (/root/code/love-memory/love-memory-server-0623/node_modules/mongodb-core/lib/connection/pool.js:260:12)
    at Object.onceWrapper (events.js:273:13)
    at Connection.emit (events.js:182:13)
    at Socket.<anonymous> (/root/code/love-memory/love-memory-server-0623/node_modules/mongodb-core/lib/connection/connection.js:162:49)
    at Object.onceWrapper (events.js:273:13)
    at Socket.emit (events.js:182:13)
    at emitErrorNT (internal/streams/destroy.js:82:8)
    at emitErrorAndCloseNT (internal/streams/destroy.js:50:3)
    at process._tickCallback (internal/process/next_tick.js:63:19)
  name: 'MongoError',
  message:
   'failed to connect to server [127.0.0.1:27017] on first connect' }
{ MongoError: failed to connect to server [127.0.0.1:27017] on first connect
    at Pool.<anonymous> (/root/code/love-memory/love-memory-server-0623/node_modules/mongodb-core/lib/topologies/server.js:313:35)
    at Pool.emit (events.js:182:13)
    at Connection.<anonymous> (/root/code/love-memory/love-memory-server-0623/node_modules/mongodb-core/lib/connection/pool.js:260:12)
    at Object.onceWrapper (events.js:273:13)
    at Connection.emit (events.js:182:13)
    at Socket.<anonymous> (/root/code/love-memory/love-memory-server-0623/node_modules/mongodb-core/lib/connection/connection.js:162:49)
    at Object.onceWrapper (events.js:273:13)
    at Socket.emit (events.js:182:13)
    at emitErrorNT (internal/streams/destroy.js:82:8)
    at emitErrorAndCloseNT (internal/streams/destroy.js:50:3)
    at process._tickCallback (internal/process/next_tick.js:63:19)
  name: 'MongoError',
  message:
   'failed to connect to server [127.0.0.1:27017] on first connect' }
connect success.
2441
{ Message: 'OK',
  RequestId: '168CC585-E214-4A31-8BC0-BB6B9FA7C78E',
  BizId: '878915534430819320^0',
  Code: 'OK' }
connect success.
4206
{ isv.BUSINESS_LIMIT_CONTROLError: 触发分钟级流控Permits:1
    at httpx.request.then.then (/root/code/love-memory/love-memory-server-0623/node_modules/@alicloud/pop-core/lib/core.js:169:19)
    at process._tickCallback (internal/process/next_tick.js:68:7)
  name: 'isv.BUSINESS_LIMIT_CONTROLError',
  data:
   { Message: '触发分钟级流控Permits:1',
     RequestId: '3ED4D7D8-EFB1-4659-B01F-29CE709E6A81',
     Code: 'isv.BUSINESS_LIMIT_CONTROL' },
  code: 'isv.BUSINESS_LIMIT_CONTROL',
  url:
   'http://dysmsapi.aliyuncs.com/?AccessKeyId=LTAIIWRibiF30M3F&Action=SendSms&Format=JSON&PhoneNumbers=18810802046&SignName=LoveMemory&SignatureMethod=HMAC-SHA1&SignatureNonce=2975a780660c0f8fe17bf3ddb04958f8&SignatureVersion=1.0&TemplateCode=SMS_137870100&TemplateParam=%7B%22code%22%3A%224206%22%7D&Timestamp=2018-08-16T14%3A47%3A49Z&Version=2017-05-25&Signature=7qryb8CZy64BiZadW0GFJIEKYu8%3D',
  entry:
   { url:
      'http://dysmsapi.aliyuncs.com/?AccessKeyId=LTAIIWRibiF30M3F&Action=SendSms&Format=JSON&PhoneNumbers=18810802046&SignName=LoveMemory&SignatureMethod=HMAC-SHA1&SignatureNonce=2975a780660c0f8fe17bf3ddb04958f8&SignatureVersion=1.0&TemplateCode=SMS_137870100&TemplateParam=%7B%22code%22%3A%224206%22%7D&Timestamp=2018-08-16T14%3A47%3A49Z&Version=2017-05-25&Signature=7qryb8CZy64BiZadW0GFJIEKYu8%3D',
     request: { headers: [Object] },
     response: { statusCode: 200, headers: [Object] } } }
connect success.
1586
{ Message: 'OK',
  RequestId: '9123BEF2-38F8-4557-B8C7-C2C43F495F34',
  BizId: '382124034430898756^0',
  Code: 'OK' }
connect success.
/flower#si1lwS9dBmKhXgmfAAADdisconnect
connect success.
4721
{ Message: 'OK',
  RequestId: '663288D4-BDC4-4D12-8DCE-1B02EAB11752',
  BizId: '608824434431080684^0',
  Code: 'OK' }
connect success.
connect success.
connect success.
connect success.
connect success.
1264
{ Message: 'OK',
  RequestId: '1BDD20BF-C70B-472C-A3DC-D46142E7DDCE',
  BizId: '803805934431169998^0',
  Code: 'OK' }
connect success.
connect success.
connect success.
8975
{ Message: 'OK',
  RequestId: '59BF4357-458C-4E53-A010-E200AEDC31E6',
  BizId: '174120234431409814^0',
  Code: 'OK' }
connect success.
2886
{ isv.BUSINESS_LIMIT_CONTROLError: 触发分钟级流控Permits:1
    at httpx.request.then.then (/root/code/love-memory/love-memory-server-0623/node_modules/@alicloud/pop-core/lib/core.js:169:19)
    at process._tickCallback (internal/process/next_tick.js:68:7)
  name: 'isv.BUSINESS_LIMIT_CONTROLError',
  data:
   { Message: '触发分钟级流控Permits:1',
     RequestId: 'CF670D5D-2C8A-4DA1-ADE0-FDA3538B792B',
     Code: 'isv.BUSINESS_LIMIT_CONTROL' },
  code: 'isv.BUSINESS_LIMIT_CONTROL',
  url:
   'http://dysmsapi.aliyuncs.com/?AccessKeyId=LTAIIWRibiF30M3F&Action=SendSms&Format=JSON&PhoneNumbers=18810802046&SignName=LoveMemory&SignatureMethod=HMAC-SHA1&SignatureNonce=b647f505a932ee32dfff6e4f1efd16ea&SignatureVersion=1.0&TemplateCode=SMS_137870100&TemplateParam=%7B%22code%22%3A%222886%22%7D&Timestamp=2018-08-16T14%3A57%3A34Z&Version=2017-05-25&Signature=B%2F59VZyQjsS8pARAxkKcOMHonQM%3D',
  entry:
   { url:
      'http://dysmsapi.aliyuncs.com/?AccessKeyId=LTAIIWRibiF30M3F&Action=SendSms&Format=JSON&PhoneNumbers=18810802046&SignName=LoveMemory&SignatureMethod=HMAC-SHA1&SignatureNonce=b647f505a932ee32dfff6e4f1efd16ea&SignatureVersion=1.0&TemplateCode=SMS_137870100&TemplateParam=%7B%22code%22%3A%222886%22%7D&Timestamp=2018-08-16T14%3A57%3A34Z&Version=2017-05-25&Signature=B%2F59VZyQjsS8pARAxkKcOMHonQM%3D',
     request: { headers: [Object] },
     response: { statusCode: 200, headers: [Object] } } }
connect success.
4392
{ Message: 'OK',
  RequestId: 'BF51F57F-790E-4DD7-A475-C3F4F1D8079A',
  BizId: '455409934431504839^0',
  Code: 'OK' }
connect success.
8522
{ Message: 'OK',
  RequestId: '7BE84645-A3BC-4B45-8E2E-E8553E93569A',
  BizId: '791610134431672121^0',
  Code: 'OK' }
connect success.
connect success.
connect success.
connect success.
connect success.
connect success.
{ MongoError: failed to connect to server [127.0.0.1:27017] on first connect
    at Pool.<anonymous> (/root/code/love-memory/love-memory-server-0623/node_modules/mongodb-core/lib/topologies/server.js:313:35)
    at Pool.emit (events.js:182:13)
    at Connection.<anonymous> (/root/code/love-memory/love-memory-server-0623/node_modules/mongodb-core/lib/connection/pool.js:260:12)
    at Object.onceWrapper (events.js:273:13)
    at Connection.emit (events.js:182:13)
    at Socket.<anonymous> (/root/code/love-memory/love-memory-server-0623/node_modules/mongodb-core/lib/connection/connection.js:162:49)
    at Object.onceWrapper (events.js:273:13)
    at Socket.emit (events.js:182:13)
    at emitErrorNT (internal/streams/destroy.js:82:8)
    at emitErrorAndCloseNT (internal/streams/destroy.js:50:3)
    at process._tickCallback (internal/process/next_tick.js:63:19)
  name: 'MongoError',
  message:
   'failed to connect to server [127.0.0.1:27017] on first connect' }
connect success.
/flower#D7oVfmUomkD_HF6cAAAAdisconnect
connect success.
connect success.
connect success.
connect success.
7193
{ Message: 'OK',
  RequestId: '3BC1DCCC-6A2C-40B5-AF9B-888BD11A2171',
  BizId: '891721234432425990^0',
  Code: 'OK' }
connect success.
connect success.
connect success.
5377
{ isv.BUSINESS_LIMIT_CONTROLError: 触发小时级流控Permits:5
    at httpx.request.then.then (/root/code/love-memory/love-memory-server-0623/node_modules/@alicloud/pop-core/lib/core.js:169:19)
    at process._tickCallback (internal/process/next_tick.js:68:7)
  name: 'isv.BUSINESS_LIMIT_CONTROLError',
  data:
   { Message: '触发小时级流控Permits:5',
     RequestId: '3C0272C2-7B37-4318-84F1-6C229FB03D97',
     Code: 'isv.BUSINESS_LIMIT_CONTROL' },
  code: 'isv.BUSINESS_LIMIT_CONTROL',
  url:
   'http://dysmsapi.aliyuncs.com/?AccessKeyId=LTAIIWRibiF30M3F&Action=SendSms&Format=JSON&PhoneNumbers=18810802046&SignName=LoveMemory&SignatureMethod=HMAC-SHA1&SignatureNonce=9eff94b3ac844ca14431544350350937&SignatureVersion=1.0&TemplateCode=SMS_137870100&TemplateParam=%7B%22code%22%3A%225377%22%7D&Timestamp=2018-08-16T15%3A15%3A02Z&Version=2017-05-25&Signature=20qA%2B9%2BBEjQIN8FY5YwgBxIlm%2B0%3D',
  entry:
   { url:
      'http://dysmsapi.aliyuncs.com/?AccessKeyId=LTAIIWRibiF30M3F&Action=SendSms&Format=JSON&PhoneNumbers=18810802046&SignName=LoveMemory&SignatureMethod=HMAC-SHA1&SignatureNonce=9eff94b3ac844ca14431544350350937&SignatureVersion=1.0&TemplateCode=SMS_137870100&TemplateParam=%7B%22code%22%3A%225377%22%7D&Timestamp=2018-08-16T15%3A15%3A02Z&Version=2017-05-25&Signature=20qA%2B9%2BBEjQIN8FY5YwgBxIlm%2B0%3D',
     request: { headers: [Object] },
     response: { statusCode: 200, headers: [Object] } } }
connect success.
connect success.
0919
{ isv.BUSINESS_LIMIT_CONTROLError: 触发小时级流控Permits:5
    at httpx.request.then.then (/root/code/love-memory/love-memory-server-0623/node_modules/@alicloud/pop-core/lib/core.js:169:19)
    at process._tickCallback (internal/process/next_tick.js:68:7)
  name: 'isv.BUSINESS_LIMIT_CONTROLError',
  data:
   { Message: '触发小时级流控Permits:5',
     RequestId: '244C4D7D-859F-4EC4-BEF5-2BF1185B5EF5',
     Code: 'isv.BUSINESS_LIMIT_CONTROL' },
  code: 'isv.BUSINESS_LIMIT_CONTROL',
  url:
   'http://dysmsapi.aliyuncs.com/?AccessKeyId=LTAIIWRibiF30M3F&Action=SendSms&Format=JSON&PhoneNumbers=18810802046&SignName=LoveMemory&SignatureMethod=HMAC-SHA1&SignatureNonce=916d55375e0f513d986dc41394d84608&SignatureVersion=1.0&TemplateCode=SMS_137870100&TemplateParam=%7B%22code%22%3A%220919%22%7D&Timestamp=2018-08-16T15%3A17%3A51Z&Version=2017-05-25&Signature=BtUaByFgwpIjqdn4iuABLmY7YEQ%3D',
  entry:
   { url:
      'http://dysmsapi.aliyuncs.com/?AccessKeyId=LTAIIWRibiF30M3F&Action=SendSms&Format=JSON&PhoneNumbers=18810802046&SignName=LoveMemory&SignatureMethod=HMAC-SHA1&SignatureNonce=916d55375e0f513d986dc41394d84608&SignatureVersion=1.0&TemplateCode=SMS_137870100&TemplateParam=%7B%22code%22%3A%220919%22%7D&Timestamp=2018-08-16T15%3A17%3A51Z&Version=2017-05-25&Signature=BtUaByFgwpIjqdn4iuABLmY7YEQ%3D',
     request: { headers: [Object] },
     response: { statusCode: 200, headers: [Object] } } }
events.js:167
      throw er; // Unhandled 'error' event
      ^

Error: listen EADDRINUSE :::8128
    at Server.setupListenHandle [as _listen2] (net.js:1327:14)
    at listenInCluster (net.js:1375:12)
    at Server.listen (net.js:1462:7)
    at Object.<anonymous> (/root/code/love-memory/love-memory-server-0623/app.js:15:8)
    at Module._compile (internal/modules/cjs/loader.js:702:30)
    at Object.Module._extensions..js (internal/modules/cjs/loader.js:713:10)
    at Module.load (internal/modules/cjs/loader.js:612:32)
    at tryModuleLoad (internal/modules/cjs/loader.js:551:12)
    at Function.Module._load (internal/modules/cjs/loader.js:543:3)
    at Function.Module.runMain (internal/modules/cjs/loader.js:744:10)
    at startup (internal/bootstrap/node.js:238:19)
    at bootstrapNodeJSCore (internal/bootstrap/node.js:572:3)
Emitted 'error' event at:
    at emitErrorNT (net.js:1354:8)
    at process._tickCallback (internal/process/next_tick.js:63:19)
    at Function.Module.runMain (internal/modules/cjs/loader.js:746:11)
    at startup (internal/bootstrap/node.js:238:19)
    at bootstrapNodeJSCore (internal/bootstrap/node.js:572:3)
connect success.
6443
{ isv.BUSINESS_LIMIT_CONTROLError: 触发小时级流控Permits:5
    at httpx.request.then.then (/root/code/love-memory/love-memory-server-0623/node_modules/@alicloud/pop-core/lib/core.js:169:19)
    at process._tickCallback (internal/process/next_tick.js:68:7)
  name: 'isv.BUSINESS_LIMIT_CONTROLError',
  data:
   { Message: '触发小时级流控Permits:5',
     RequestId: '5EB6D091-4E31-469B-87A3-F9A90F71A6FE',
     Code: 'isv.BUSINESS_LIMIT_CONTROL' },
  code: 'isv.BUSINESS_LIMIT_CONTROL',
  url:
   'http://dysmsapi.aliyuncs.com/?AccessKeyId=LTAIIWRibiF30M3F&Action=SendSms&Format=JSON&PhoneNumbers=18810802046&SignName=LoveMemory&SignatureMethod=HMAC-SHA1&SignatureNonce=52317fecda5897be22257713867f8a6d&SignatureVersion=1.0&TemplateCode=SMS_137870100&TemplateParam=%7B%22code%22%3A%226443%22%7D&Timestamp=2018-08-16T15%3A18%3A42Z&Version=2017-05-25&Signature=jUE9Y1p3FSjWp%2FJ3Ys2lJAWh508%3D',
  entry:
   { url:
      'http://dysmsapi.aliyuncs.com/?AccessKeyId=LTAIIWRibiF30M3F&Action=SendSms&Format=JSON&PhoneNumbers=18810802046&SignName=LoveMemory&SignatureMethod=HMAC-SHA1&SignatureNonce=52317fecda5897be22257713867f8a6d&SignatureVersion=1.0&TemplateCode=SMS_137870100&TemplateParam=%7B%22code%22%3A%226443%22%7D&Timestamp=2018-08-16T15%3A18%3A42Z&Version=2017-05-25&Signature=jUE9Y1p3FSjWp%2FJ3Ys2lJAWh508%3D',
     request: { headers: [Object] },
     response: { statusCode: 200, headers: [Object] } } }
connect success.
connect success.
4249
{ isv.BUSINESS_LIMIT_CONTROLError: 触发小时级流控Permits:5
    at httpx.request.then.then (/root/code/love-memory/love-memory-server-0623/node_modules/@alicloud/pop-core/lib/core.js:169:19)
    at process._tickCallback (internal/process/next_tick.js:68:7)
  name: 'isv.BUSINESS_LIMIT_CONTROLError',
  data:
   { Message: '触发小时级流控Permits:5',
     RequestId: 'F20140B0-B86C-4425-A65D-E1A2265F1ABD',
     Code: 'isv.BUSINESS_LIMIT_CONTROL' },
  code: 'isv.BUSINESS_LIMIT_CONTROL',
  url:
   'http://dysmsapi.aliyuncs.com/?AccessKeyId=LTAIIWRibiF30M3F&Action=SendSms&Format=JSON&PhoneNumbers=18810802046&SignName=LoveMemory&SignatureMethod=HMAC-SHA1&SignatureNonce=a291a5200f64986831317d5d42c96ca2&SignatureVersion=1.0&TemplateCode=SMS_137870100&TemplateParam=%7B%22code%22%3A%224249%22%7D&Timestamp=2018-08-16T15%3A19%3A12Z&Version=2017-05-25&Signature=70tcB2wV0NkxDJHZWwdjdhrTVpI%3D',
  entry:
   { url:
      'http://dysmsapi.aliyuncs.com/?AccessKeyId=LTAIIWRibiF30M3F&Action=SendSms&Format=JSON&PhoneNumbers=18810802046&SignName=LoveMemory&SignatureMethod=HMAC-SHA1&SignatureNonce=a291a5200f64986831317d5d42c96ca2&SignatureVersion=1.0&TemplateCode=SMS_137870100&TemplateParam=%7B%22code%22%3A%224249%22%7D&Timestamp=2018-08-16T15%3A19%3A12Z&Version=2017-05-25&Signature=70tcB2wV0NkxDJHZWwdjdhrTVpI%3D',
     request: { headers: [Object] },
     response: { statusCode: 200, headers: [Object] } } }
